<?xml version="1.0" encoding="UTF-8"?>
<testng-results ignored="0" total="1" passed="1" failed="0" skipped="0">
  <reporter-output>
  </reporter-output>
  <suite started-at="2025-02-11T12:40:45 IST" name="Default suite" finished-at="2025-02-11T12:41:22 IST" duration-ms="37220">
    <groups>
    </groups>
    <test started-at="2025-02-11T12:40:45 IST" name="Default test" finished-at="2025-02-11T12:41:22 IST" duration-ms="37220">
      <class name="com.vtiger.leads.TC_VT_001Test">
        <test-method is-config="true" signature="reportConfigure()[pri:0, instance:com.vtiger.leads.TC_VT_001Test@4c12331b]" started-at="2025-02-11T12:40:44 IST" name="reportConfigure" finished-at="2025-02-11T12:40:45 IST" duration-ms="753" status="PASS">
          <reporter-output>
          </reporter-output>
        </test-method> <!-- reportConfigure -->
        <test-method is-config="true" signature="openBrowser(java.lang.String)[pri:0, instance:com.vtiger.leads.TC_VT_001Test@4c12331b]" started-at="2025-02-11T12:40:45 IST" name="openBrowser" finished-at="2025-02-11T12:40:52 IST" duration-ms="7509" status="PASS">
          <params>
            <param index="0">
              <value>
                <![CDATA[chrome]]>
              </value>
            </param>
          </params>
          <reporter-output>
          </reporter-output>
        </test-method> <!-- openBrowser -->
        <test-method is-config="true" signature="login()[pri:0, instance:com.vtiger.leads.TC_VT_001Test@4c12331b]" started-at="2025-02-11T12:40:52 IST" name="login" finished-at="2025-02-11T12:40:58 IST" duration-ms="5484" status="PASS">
          <reporter-output>
          </reporter-output>
        </test-method> <!-- login -->
        <test-method signature="createLeads()[pri:0, instance:com.vtiger.leads.TC_VT_001Test@4c12331b]" started-at="2025-02-11T12:40:58 IST" name="createLeads" finished-at="2025-02-11T12:41:19 IST" duration-ms="21456" status="PASS">
          <reporter-output>
          </reporter-output>
        </test-method> <!-- createLeads -->
        <test-method is-config="true" signature="logout()[pri:0, instance:com.vtiger.leads.TC_VT_001Test@4c12331b]" started-at="2025-02-11T12:41:19 IST" name="logout" finished-at="2025-02-11T12:41:22 IST" duration-ms="2194" status="PASS">
          <reporter-output>
          </reporter-output>
        </test-method> <!-- logout -->
        <test-method is-config="true" signature="closeBrowser()[pri:0, instance:com.vtiger.leads.TC_VT_001Test@4c12331b]" started-at="2025-02-11T12:41:22 IST" name="closeBrowser" finished-at="2025-02-11T12:41:22 IST" duration-ms="493" status="PASS">
          <reporter-output>
          </reporter-output>
        </test-method> <!-- closeBrowser -->
        <test-method is-config="true" signature="reportBackup()[pri:0, instance:com.vtiger.leads.TC_VT_001Test@4c12331b]" started-at="2025-02-11T12:41:22 IST" name="reportBackup" finished-at="2025-02-11T12:41:23 IST" duration-ms="998" status="PASS">
          <reporter-output>
          </reporter-output>
        </test-method> <!-- reportBackup -->
      </class> <!-- com.vtiger.leads.TC_VT_001Test -->
    </test> <!-- Default test -->
  </suite> <!-- Default suite -->
</testng-results>
