<?xml version="1.0" encoding="UTF-8"?>
<testng-results ignored="0" total="1" passed="1" failed="0" skipped="0">
  <reporter-output>
  </reporter-output>
  <suite started-at="2025-02-08T14:11:22 IST" name="Default suite" finished-at="2025-02-08T14:12:02 IST" duration-ms="40307">
    <groups>
    </groups>
    <test started-at="2025-02-08T14:11:22 IST" name="Default test" finished-at="2025-02-08T14:12:02 IST" duration-ms="40307">
      <class name="com.vtiger.contacts.TC_VT_002Test">
        <test-method is-config="true" signature="reportConfigure()[pri:0, instance:com.vtiger.contacts.TC_VT_002Test@4c12331b]" started-at="2025-02-08T14:11:21 IST" name="reportConfigure" finished-at="2025-02-08T14:11:22 IST" duration-ms="632" status="PASS">
          <reporter-output>
          </reporter-output>
        </test-method> <!-- reportConfigure -->
        <test-method is-config="true" signature="openBrowser(java.lang.String)[pri:0, instance:com.vtiger.contacts.TC_VT_002Test@4c12331b]" started-at="2025-02-08T14:11:22 IST" name="openBrowser" finished-at="2025-02-08T14:11:31 IST" duration-ms="9529" status="PASS">
          <params>
            <param index="0">
              <value>
                <![CDATA[chrome]]>
              </value>
            </param>
          </params>
          <reporter-output>
          </reporter-output>
        </test-method> <!-- openBrowser -->
        <test-method is-config="true" signature="login()[pri:0, instance:com.vtiger.contacts.TC_VT_002Test@4c12331b]" started-at="2025-02-08T14:11:31 IST" name="login" finished-at="2025-02-08T14:11:36 IST" duration-ms="4530" status="PASS">
          <reporter-output>
          </reporter-output>
        </test-method> <!-- login -->
        <test-method signature="createContact()[pri:0, instance:com.vtiger.contacts.TC_VT_002Test@4c12331b]" started-at="2025-02-08T14:11:36 IST" name="createContact" finished-at="2025-02-08T14:11:59 IST" duration-ms="23446" status="PASS">
          <reporter-output>
          </reporter-output>
        </test-method> <!-- createContact -->
        <test-method is-config="true" signature="logout()[pri:0, instance:com.vtiger.contacts.TC_VT_002Test@4c12331b]" started-at="2025-02-08T14:11:59 IST" name="logout" finished-at="2025-02-08T14:12:01 IST" duration-ms="2194" status="PASS">
          <reporter-output>
          </reporter-output>
        </test-method> <!-- logout -->
        <test-method is-config="true" signature="closeBrowser()[pri:0, instance:com.vtiger.contacts.TC_VT_002Test@4c12331b]" started-at="2025-02-08T14:12:01 IST" name="closeBrowser" finished-at="2025-02-08T14:12:02 IST" duration-ms="516" status="PASS">
          <reporter-output>
          </reporter-output>
        </test-method> <!-- closeBrowser -->
        <test-method is-config="true" signature="reportBackup()[pri:0, instance:com.vtiger.contacts.TC_VT_002Test@4c12331b]" started-at="2025-02-08T14:12:02 IST" name="reportBackup" finished-at="2025-02-08T14:12:04 IST" duration-ms="1787" status="PASS">
          <reporter-output>
          </reporter-output>
        </test-method> <!-- reportBackup -->
      </class> <!-- com.vtiger.contacts.TC_VT_002Test -->
    </test> <!-- Default test -->
  </suite> <!-- Default suite -->
</testng-results>
